<?xml version="1.0" encoding="UTF-8"?>
<testng-results skipped="0" failed="0" total="1" passed="1">
  <reporter-output>
  </reporter-output>
  <suite name="Default suite" duration-ms="775" started-at="2014-03-06T05:40:26Z" finished-at="2014-03-06T05:40:27Z">
    <groups>
    </groups>
    <test name="Default test" duration-ms="775" started-at="2014-03-06T05:40:26Z" finished-at="2014-03-06T05:40:27Z">
      <class name="com.rop.sample.client.RopSampleClientIT">
        <test-method status="PASS" signature="addUser()[pri:0, instance:com.rop.sample.client.RopSampleClientIT@5abf3f]" name="addUser" duration-ms="763" started-at="2014-03-06T13:40:26Z" finished-at="2014-03-06T13:40:27Z">
          <reporter-output>
          </reporter-output>
        </test-method> <!-- addUser -->
      </class> <!-- com.rop.sample.client.RopSampleClientIT -->
    </test> <!-- Default test -->
  </suite> <!-- Default suite -->
</testng-results>
