<?xml version="1.0" encoding="UTF-8"?>
<testng-results skipped="0" failed="0" total="1" passed="1">
  <reporter-output>
  </reporter-output>
  <suite name="Default suite" duration-ms="94" started-at="2014-03-09T08:32:06Z" finished-at="2014-03-09T08:32:06Z">
    <groups>
    </groups>
    <test name="Default test" duration-ms="94" started-at="2014-03-09T08:32:06Z" finished-at="2014-03-09T08:32:06Z">
      <class name="com.rop.annotation.HttpActionTest">
        <test-method status="PASS" signature="testValueOf()[pri:0, instance:com.rop.annotation.HttpActionTest@11ef9f6]" name="testValueOf" duration-ms="47" started-at="2014-03-09T16:32:06Z" finished-at="2014-03-09T16:32:06Z">
          <reporter-output>
          </reporter-output>
        </test-method> <!-- testValueOf -->
      </class> <!-- com.rop.annotation.HttpActionTest -->
    </test> <!-- Default test -->
  </suite> <!-- Default suite -->
</testng-results>
